<?xml version="1.0" encoding="UTF-8"?>
<testsuite name="org.springframework.samples.petclinic.system.ProductionConfigurationTests" tests="1" skipped="0" failures="0" errors="0" timestamp="2018-06-11T18:05:46" hostname="mikegajda-VirtualBox" time="0.2">
  <properties/>
  <testcase name="testFindAll" classname="org.springframework.samples.petclinic.system.ProductionConfigurationTests" time="0.2"/>
  <system-out><![CDATA[2018-06-11 14:05:38.049  INFO 5034 --- [    Test worker] .b.t.c.SpringBootTestContextBootstrapper : Neither @ContextConfiguration nor @ContextHierarchy found for test class [org.springframework.samples.petclinic.system.ProductionConfigurationTests], using SpringBootContextLoader
2018-06-11 14:05:38.051  INFO 5034 --- [    Test worker] o.s.t.c.support.AbstractContextLoader    : Could not detect default resource locations for test class [org.springframework.samples.petclinic.system.ProductionConfigurationTests]: no resource found for suffixes {-context.xml, Context.groovy}.
2018-06-11 14:05:38.051  INFO 5034 --- [    Test worker] t.c.s.AnnotationConfigContextLoaderUtils : Could not detect default configuration classes for test class [org.springframework.samples.petclinic.system.ProductionConfigurationTests]: ProductionConfigurationTests does not declare any static, non-private, non-final, nested classes annotated with @Configuration.
2018-06-11 14:05:38.061  INFO 5034 --- [    Test worker] .b.t.c.SpringBootTestContextBootstrapper : Found @SpringBootConfiguration org.springframework.samples.petclinic.PetClinicApplication for test class org.springframework.samples.petclinic.system.ProductionConfigurationTests
2018-06-11 14:05:38.065  INFO 5034 --- [    Test worker] .b.t.c.SpringBootTestContextBootstrapper : Loaded default TestExecutionListener class names from location [META-INF/spring.factories]: [org.springframework.boot.test.mock.mockito.MockitoTestExecutionListener, org.springframework.boot.test.mock.mockito.ResetMocksTestExecutionListener, org.springframework.boot.test.autoconfigure.restdocs.RestDocsTestExecutionListener, org.springframework.boot.test.autoconfigure.web.client.MockRestServiceServerResetTestExecutionListener, org.springframework.boot.test.autoconfigure.web.servlet.MockMvcPrintOnlyOnFailureTestExecutionListener, org.springframework.boot.test.autoconfigure.web.servlet.WebDriverTestExecutionListener, org.springframework.test.context.web.ServletTestExecutionListener, org.springframework.test.context.support.DirtiesContextBeforeModesTestExecutionListener, org.springframework.test.context.support.DependencyInjectionTestExecutionListener, org.springframework.test.context.support.DirtiesContextTestExecutionListener, org.springframework.test.context.transaction.TransactionalTestExecutionListener, org.springframework.test.context.jdbc.SqlScriptsTestExecutionListener]
2018-06-11 14:05:38.068  INFO 5034 --- [    Test worker] .b.t.c.SpringBootTestContextBootstrapper : Using TestExecutionListeners: [org.springframework.test.context.web.ServletTestExecutionListener@668c9a00, org.springframework.test.context.support.DirtiesContextBeforeModesTestExecutionListener@744bc2f5, org.springframework.boot.test.mock.mockito.MockitoTestExecutionListener@4f710e1d, org.springframework.boot.test.autoconfigure.SpringBootDependencyInjectionTestExecutionListener@7708b7ab, org.springframework.test.context.support.DirtiesContextTestExecutionListener@75566fd0, org.springframework.test.context.transaction.TransactionalTestExecutionListener@5f2047e5, org.springframework.test.context.jdbc.SqlScriptsTestExecutionListener@18e6bbfa, org.springframework.boot.test.mock.mockito.ResetMocksTestExecutionListener@2ae1e2a2, org.springframework.boot.test.autoconfigure.restdocs.RestDocsTestExecutionListener@6c8f30c1, org.springframework.boot.test.autoconfigure.web.client.MockRestServiceServerResetTestExecutionListener@314d5dda, org.springframework.boot.test.autoconfigure.web.servlet.MockMvcPrintOnlyOnFailureTestExecutionListener@1c590962, org.springframework.boot.test.autoconfigure.web.servlet.WebDriverTestExecutionListener@39080cb9]


              |\      _,,,--,,_
             /,`.-'`'   ._  \-;;,_
  _______ __|,4-  ) )_   .;.(__`'-'__     ___ __    _ ___ _______
 |       | '---''(_/._)-'(_\_)   |   |   |   |  |  | |   |       |
 |    _  |    ___|_     _|       |   |   |   |   |_| |   |       | __ _ _
 |   |_| |   |___  |   | |       |   |   |   |       |   |       | \ \ \ \
 |    ___|    ___| |   | |      _|   |___|   |  _    |   |      _|  \ \ \ \
 |   |   |   |___  |   | |     |_|       |   | | |   |   |     |_    ) ) ) )
 |___|   |_______| |___| |_______|_______|___|_|  |__|___|_______|  / / / /
 ==================================================================/_/_/_/

:: Built with Spring Boot :: 2.0.2.RELEASE


2018-06-11 14:05:38.112  INFO 5034 --- [    Test worker] o.s.s.p.s.ProductionConfigurationTests   : Starting ProductionConfigurationTests on mikegajda-VirtualBox with PID 5034 (started by mikegajda in /home/mikegajda/Documents/spring-examples/cucumber-test/petclinic_pipeline)
2018-06-11 14:05:38.112  INFO 5034 --- [    Test worker] o.s.s.p.s.ProductionConfigurationTests   : The following profiles are active: production
2018-06-11 14:05:38.120  INFO 5034 --- [    Test worker] o.s.w.c.s.GenericWebApplicationContext   : Refreshing org.springframework.web.context.support.GenericWebApplicationContext@7a82e3f8: startup date [Mon Jun 11 14:05:38 EDT 2018]; root of context hierarchy
2018-06-11 14:05:39.732  INFO 5034 --- [    Test worker] trationDelegate$BeanPostProcessorChecker : Bean 'org.springframework.transaction.annotation.ProxyTransactionManagementConfiguration' of type [org.springframework.transaction.annotation.ProxyTransactionManagementConfiguration$$EnhancerBySpringCGLIB$$63f64e91] is not eligible for getting processed by all BeanPostProcessors (for example: not eligible for auto-proxying)
2018-06-11 14:05:39.771  INFO 5034 --- [    Test worker] trationDelegate$BeanPostProcessorChecker : Bean 'org.springframework.cache.jcache.config.ProxyJCacheConfiguration' of type [org.springframework.cache.jcache.config.ProxyJCacheConfiguration$$EnhancerBySpringCGLIB$$863e110f] is not eligible for getting processed by all BeanPostProcessors (for example: not eligible for auto-proxying)
2018-06-11 14:05:39.827  INFO 5034 --- [    Test worker] trationDelegate$BeanPostProcessorChecker : Bean 'org.springframework.cache.annotation.ProxyCachingConfiguration' of type [org.springframework.cache.annotation.ProxyCachingConfiguration$$EnhancerBySpringCGLIB$$ad0884af] is not eligible for getting processed by all BeanPostProcessors (for example: not eligible for auto-proxying)
2018-06-11 14:05:40.330  INFO 5034 --- [    Test worker] com.zaxxer.hikari.HikariDataSource       : HikariPool-1 - Starting...
2018-06-11 14:05:40.333  WARN 5034 --- [    Test worker] com.zaxxer.hikari.util.DriverDataSource  : Registered driver with driverClassName=org.hsqldb.jdbcDriver was not found, trying direct instantiation.
2018-06-11 14:05:40.975  INFO 5034 --- [    Test worker] com.zaxxer.hikari.pool.PoolBase          : HikariPool-1 - Driver does not support get/set network timeout for connections. (feature not supported)
2018-06-11 14:05:40.992  INFO 5034 --- [    Test worker] com.zaxxer.hikari.HikariDataSource       : HikariPool-1 - Start completed.
2018-06-11 14:05:41.020  INFO 5034 --- [    Test worker] o.s.jdbc.datasource.init.ScriptUtils     : Executing SQL script from URL [file:/home/mikegajda/Documents/spring-examples/cucumber-test/petclinic_pipeline/build/resources/main/db/hsqldb/schema.sql]
2018-06-11 14:05:41.047  INFO 5034 --- [    Test worker] o.s.jdbc.datasource.init.ScriptUtils     : Executed SQL script from URL [file:/home/mikegajda/Documents/spring-examples/cucumber-test/petclinic_pipeline/build/resources/main/db/hsqldb/schema.sql] in 26 ms.
2018-06-11 14:05:41.049  INFO 5034 --- [    Test worker] o.s.jdbc.datasource.init.ScriptUtils     : Executing SQL script from URL [file:/home/mikegajda/Documents/spring-examples/cucumber-test/petclinic_pipeline/build/resources/main/db/hsqldb/data.sql]
2018-06-11 14:05:41.073  INFO 5034 --- [    Test worker] o.s.jdbc.datasource.init.ScriptUtils     : Executed SQL script from URL [file:/home/mikegajda/Documents/spring-examples/cucumber-test/petclinic_pipeline/build/resources/main/db/hsqldb/data.sql] in 23 ms.
2018-06-11 14:05:41.307  INFO 5034 --- [    Test worker] j.LocalContainerEntityManagerFactoryBean : Building JPA container EntityManagerFactory for persistence unit 'default'
2018-06-11 14:05:41.332  INFO 5034 --- [    Test worker] o.hibernate.jpa.internal.util.LogHelper  : HHH000204: Processing PersistenceUnitInfo [
	name: default
	...]
2018-06-11 14:05:41.459  INFO 5034 --- [    Test worker] org.hibernate.Version                    : HHH000412: Hibernate Core {5.2.17.Final}
2018-06-11 14:05:41.461  INFO 5034 --- [    Test worker] org.hibernate.cfg.Environment            : HHH000206: hibernate.properties not found
2018-06-11 14:05:41.535  INFO 5034 --- [    Test worker] o.hibernate.annotations.common.Version   : HCANN000001: Hibernate Commons Annotations {5.0.1.Final}
2018-06-11 14:05:41.751  INFO 5034 --- [    Test worker] org.hibernate.dialect.Dialect            : HHH000400: Using dialect: org.hibernate.dialect.HSQLDialect
2018-06-11 14:05:42.885  INFO 5034 --- [    Test worker] j.LocalContainerEntityManagerFactoryBean : Initialized JPA EntityManagerFactory for persistence unit 'default'
2018-06-11 14:05:43.502  INFO 5034 --- [    Test worker] o.h.h.i.QueryTranslatorFactoryInitiator  : HHH000397: Using ASTQueryTranslatorFactory
2018-06-11 14:05:44.353  INFO 5034 --- [    Test worker] o.s.w.s.handler.SimpleUrlHandlerMapping  : Mapped URL path [/**/favicon.ico] onto handler of type [class org.springframework.web.servlet.resource.ResourceHttpRequestHandler]
2018-06-11 14:05:44.723  INFO 5034 --- [    Test worker] s.w.s.m.m.a.RequestMappingHandlerAdapter : Looking for @ControllerAdvice: org.springframework.web.context.support.GenericWebApplicationContext@7a82e3f8: startup date [Mon Jun 11 14:05:38 EDT 2018]; root of context hierarchy
2018-06-11 14:05:44.756  WARN 5034 --- [    Test worker] aWebConfiguration$JpaWebMvcConfiguration : spring.jpa.open-in-view is enabled by default. Therefore, database queries may be performed during view rendering. Explicitly configure spring.jpa.open-in-view to disable this warning
2018-06-11 14:05:44.788  INFO 5034 --- [    Test worker] s.w.s.m.m.a.RequestMappingHandlerMapping : Mapped "{[/owners/new],methods=[POST]}" onto public java.lang.String org.springframework.samples.petclinic.owner.OwnerController.processCreationForm(org.springframework.samples.petclinic.owner.Owner,org.springframework.validation.BindingResult)
2018-06-11 14:05:44.788  INFO 5034 --- [    Test worker] s.w.s.m.m.a.RequestMappingHandlerMapping : Mapped "{[/owners/find],methods=[GET]}" onto public java.lang.String org.springframework.samples.petclinic.owner.OwnerController.initFindForm(java.util.Map<java.lang.String, java.lang.Object>)
2018-06-11 14:05:44.789  INFO 5034 --- [    Test worker] s.w.s.m.m.a.RequestMappingHandlerMapping : Mapped "{[/owners],methods=[GET]}" onto public java.lang.String org.springframework.samples.petclinic.owner.OwnerController.processFindForm(org.springframework.samples.petclinic.owner.Owner,org.springframework.validation.BindingResult,java.util.Map<java.lang.String, java.lang.Object>)
2018-06-11 14:05:44.789  INFO 5034 --- [    Test worker] s.w.s.m.m.a.RequestMappingHandlerMapping : Mapped "{[/owners/{ownerId}/edit],methods=[GET]}" onto public java.lang.String org.springframework.samples.petclinic.owner.OwnerController.initUpdateOwnerForm(int,org.springframework.ui.Model)
2018-06-11 14:05:44.792  INFO 5034 --- [    Test worker] s.w.s.m.m.a.RequestMappingHandlerMapping : Mapped "{[/owners/{ownerId}/edit],methods=[POST]}" onto public java.lang.String org.springframework.samples.petclinic.owner.OwnerController.processUpdateOwnerForm(org.springframework.samples.petclinic.owner.Owner,org.springframework.validation.BindingResult,int)
2018-06-11 14:05:44.793  INFO 5034 --- [    Test worker] s.w.s.m.m.a.RequestMappingHandlerMapping : Mapped "{[/owners/{ownerId}],methods=[GET]}" onto public org.springframework.web.servlet.ModelAndView org.springframework.samples.petclinic.owner.OwnerController.showOwner(int)
2018-06-11 14:05:44.793  INFO 5034 --- [    Test worker] s.w.s.m.m.a.RequestMappingHandlerMapping : Mapped "{[/owners/new],methods=[GET]}" onto public java.lang.String org.springframework.samples.petclinic.owner.OwnerController.initCreationForm(java.util.Map<java.lang.String, java.lang.Object>)
2018-06-11 14:05:44.796  INFO 5034 --- [    Test worker] s.w.s.m.m.a.RequestMappingHandlerMapping : Mapped "{[/owners/{ownerId}/pets/{petId}/edit],methods=[GET]}" onto public java.lang.String org.springframework.samples.petclinic.owner.PetController.initUpdateForm(int,org.springframework.ui.ModelMap)
2018-06-11 14:05:44.801  INFO 5034 --- [    Test worker] s.w.s.m.m.a.RequestMappingHandlerMapping : Mapped "{[/owners/{ownerId}/pets/{petId}/edit],methods=[POST]}" onto public java.lang.String org.springframework.samples.petclinic.owner.PetController.processUpdateForm(org.springframework.samples.petclinic.owner.Pet,org.springframework.validation.BindingResult,org.springframework.samples.petclinic.owner.Owner,org.springframework.ui.ModelMap)
2018-06-11 14:05:44.801  INFO 5034 --- [    Test worker] s.w.s.m.m.a.RequestMappingHandlerMapping : Mapped "{[/owners/{ownerId}/pets/new],methods=[POST]}" onto public java.lang.String org.springframework.samples.petclinic.owner.PetController.processCreationForm(org.springframework.samples.petclinic.owner.Owner,org.springframework.samples.petclinic.owner.Pet,org.springframework.validation.BindingResult,org.springframework.ui.ModelMap)
2018-06-11 14:05:44.802  INFO 5034 --- [    Test worker] s.w.s.m.m.a.RequestMappingHandlerMapping : Mapped "{[/owners/{ownerId}/pets/new],methods=[GET]}" onto public java.lang.String org.springframework.samples.petclinic.owner.PetController.initCreationForm(org.springframework.samples.petclinic.owner.Owner,org.springframework.ui.ModelMap)
2018-06-11 14:05:44.805  INFO 5034 --- [    Test worker] s.w.s.m.m.a.RequestMappingHandlerMapping : Mapped "{[/owners/{ownerId}/pets/{petId}/visits/new],methods=[POST]}" onto public java.lang.String org.springframework.samples.petclinic.owner.VisitController.processNewVisitForm(org.springframework.samples.petclinic.visit.Visit,org.springframework.validation.BindingResult)
2018-06-11 14:05:44.807  INFO 5034 --- [    Test worker] s.w.s.m.m.a.RequestMappingHandlerMapping : Mapped "{[/owners/*/pets/{petId}/visits/new],methods=[GET]}" onto public java.lang.String org.springframework.samples.petclinic.owner.VisitController.initNewVisitForm(int,java.util.Map<java.lang.String, java.lang.Object>)
2018-06-11 14:05:44.808  INFO 5034 --- [    Test worker] s.w.s.m.m.a.RequestMappingHandlerMapping : Mapped "{[/oups],methods=[GET]}" onto public java.lang.String org.springframework.samples.petclinic.system.CrashController.triggerException()
2018-06-11 14:05:44.812  INFO 5034 --- [    Test worker] s.w.s.m.m.a.RequestMappingHandlerMapping : Mapped "{[/],methods=[GET]}" onto public java.lang.String org.springframework.samples.petclinic.system.WelcomeController.welcome()
2018-06-11 14:05:44.816  INFO 5034 --- [    Test worker] s.w.s.m.m.a.RequestMappingHandlerMapping : Mapped "{[/vets.html],methods=[GET]}" onto public java.lang.String org.springframework.samples.petclinic.vet.VetController.showVetList(java.util.Map<java.lang.String, java.lang.Object>)
2018-06-11 14:05:44.818  INFO 5034 --- [    Test worker] s.w.s.m.m.a.RequestMappingHandlerMapping : Mapped "{[/vets],methods=[GET]}" onto public org.springframework.samples.petclinic.vet.Vets org.springframework.samples.petclinic.vet.VetController.showResourcesVetList()
2018-06-11 14:05:44.821  INFO 5034 --- [    Test worker] s.w.s.m.m.a.RequestMappingHandlerMapping : Mapped "{[/error],produces=[text/html]}" onto public org.springframework.web.servlet.ModelAndView org.springframework.boot.autoconfigure.web.servlet.error.BasicErrorController.errorHtml(javax.servlet.http.HttpServletRequest,javax.servlet.http.HttpServletResponse)
2018-06-11 14:05:44.821  INFO 5034 --- [    Test worker] s.w.s.m.m.a.RequestMappingHandlerMapping : Mapped "{[/error]}" onto public org.springframework.http.ResponseEntity<java.util.Map<java.lang.String, java.lang.Object>> org.springframework.boot.autoconfigure.web.servlet.error.BasicErrorController.error(javax.servlet.http.HttpServletRequest)
2018-06-11 14:05:44.886  INFO 5034 --- [    Test worker] o.s.w.s.handler.SimpleUrlHandlerMapping  : Mapped URL path [/webjars/**] onto handler of type [class org.springframework.web.servlet.resource.ResourceHttpRequestHandler]
2018-06-11 14:05:44.891  INFO 5034 --- [    Test worker] o.s.w.s.handler.SimpleUrlHandlerMapping  : Mapped URL path [/**] onto handler of type [class org.springframework.web.servlet.resource.ResourceHttpRequestHandler]
2018-06-11 14:05:46.316  INFO 5034 --- [    Test worker] org.ehcache.core.EhcacheManager          : Cache 'vets' created in Eh107InternalCacheManager.
2018-06-11 14:05:46.331  INFO 5034 --- [    Test worker] org.ehcache.jsr107.Eh107CacheManager     : Registering Ehcache MBean javax.cache:type=CacheStatistics,CacheManager=urn.X-ehcache.jsr107-default-config,Cache=vets
2018-06-11 14:05:46.356  INFO 5034 --- [    Test worker] org.ehcache.jsr107.Eh107CacheManager     : Registering Ehcache MBean javax.cache:type=CacheStatistics,CacheManager=urn.X-ehcache.jsr107-default-config,Cache=vets
2018-06-11 14:05:46.772  INFO 5034 --- [    Test worker] o.s.b.a.e.web.EndpointLinksResolver      : Exposing 14 endpoint(s) beneath base path '/manage'
2018-06-11 14:05:46.793  INFO 5034 --- [    Test worker] s.b.a.e.w.s.WebMvcEndpointHandlerMapping : Mapped "{[/manage/auditevents],methods=[GET],produces=[application/vnd.spring-boot.actuator.v2+json || application/json]}" onto public java.lang.Object org.springframework.boot.actuate.endpoint.web.servlet.AbstractWebMvcEndpointHandlerMapping$OperationHandler.handle(javax.servlet.http.HttpServletRequest,java.util.Map<java.lang.String, java.lang.String>)
2018-06-11 14:05:46.794  INFO 5034 --- [    Test worker] s.b.a.e.w.s.WebMvcEndpointHandlerMapping : Mapped "{[/manage/beans],methods=[GET],produces=[application/vnd.spring-boot.actuator.v2+json || application/json]}" onto public java.lang.Object org.springframework.boot.actuate.endpoint.web.servlet.AbstractWebMvcEndpointHandlerMapping$OperationHandler.handle(javax.servlet.http.HttpServletRequest,java.util.Map<java.lang.String, java.lang.String>)
2018-06-11 14:05:46.797  INFO 5034 --- [    Test worker] s.b.a.e.w.s.WebMvcEndpointHandlerMapping : Mapped "{[/manage/health],methods=[GET],produces=[application/vnd.spring-boot.actuator.v2+json || application/json]}" onto public java.lang.Object org.springframework.boot.actuate.endpoint.web.servlet.AbstractWebMvcEndpointHandlerMapping$OperationHandler.handle(javax.servlet.http.HttpServletRequest,java.util.Map<java.lang.String, java.lang.String>)
2018-06-11 14:05:46.797  INFO 5034 --- [    Test worker] s.b.a.e.w.s.WebMvcEndpointHandlerMapping : Mapped "{[/manage/conditions],methods=[GET],produces=[application/vnd.spring-boot.actuator.v2+json || application/json]}" onto public java.lang.Object org.springframework.boot.actuate.endpoint.web.servlet.AbstractWebMvcEndpointHandlerMapping$OperationHandler.handle(javax.servlet.http.HttpServletRequest,java.util.Map<java.lang.String, java.lang.String>)
2018-06-11 14:05:46.800  INFO 5034 --- [    Test worker] s.b.a.e.w.s.WebMvcEndpointHandlerMapping : Mapped "{[/manage/configprops],methods=[GET],produces=[application/vnd.spring-boot.actuator.v2+json || application/json]}" onto public java.lang.Object org.springframework.boot.actuate.endpoint.web.servlet.AbstractWebMvcEndpointHandlerMapping$OperationHandler.handle(javax.servlet.http.HttpServletRequest,java.util.Map<java.lang.String, java.lang.String>)
2018-06-11 14:05:46.801  INFO 5034 --- [    Test worker] s.b.a.e.w.s.WebMvcEndpointHandlerMapping : Mapped "{[/manage/env/{toMatch}],methods=[GET],produces=[application/vnd.spring-boot.actuator.v2+json || application/json]}" onto public java.lang.Object org.springframework.boot.actuate.endpoint.web.servlet.AbstractWebMvcEndpointHandlerMapping$OperationHandler.handle(javax.servlet.http.HttpServletRequest,java.util.Map<java.lang.String, java.lang.String>)
2018-06-11 14:05:46.803  INFO 5034 --- [    Test worker] s.b.a.e.w.s.WebMvcEndpointHandlerMapping : Mapped "{[/manage/env],methods=[GET],produces=[application/vnd.spring-boot.actuator.v2+json || application/json]}" onto public java.lang.Object org.springframework.boot.actuate.endpoint.web.servlet.AbstractWebMvcEndpointHandlerMapping$OperationHandler.handle(javax.servlet.http.HttpServletRequest,java.util.Map<java.lang.String, java.lang.String>)
2018-06-11 14:05:46.803  INFO 5034 --- [    Test worker] s.b.a.e.w.s.WebMvcEndpointHandlerMapping : Mapped "{[/manage/info],methods=[GET],produces=[application/vnd.spring-boot.actuator.v2+json || application/json]}" onto public java.lang.Object org.springframework.boot.actuate.endpoint.web.servlet.AbstractWebMvcEndpointHandlerMapping$OperationHandler.handle(javax.servlet.http.HttpServletRequest,java.util.Map<java.lang.String, java.lang.String>)
2018-06-11 14:05:46.804  INFO 5034 --- [    Test worker] s.b.a.e.w.s.WebMvcEndpointHandlerMapping : Mapped "{[/manage/loggers/{name}],methods=[POST],consumes=[application/vnd.spring-boot.actuator.v2+json || application/json]}" onto public java.lang.Object org.springframework.boot.actuate.endpoint.web.servlet.AbstractWebMvcEndpointHandlerMapping$OperationHandler.handle(javax.servlet.http.HttpServletRequest,java.util.Map<java.lang.String, java.lang.String>)
2018-06-11 14:05:46.805  INFO 5034 --- [    Test worker] s.b.a.e.w.s.WebMvcEndpointHandlerMapping : Mapped "{[/manage/loggers/{name}],methods=[GET],produces=[application/vnd.spring-boot.actuator.v2+json || application/json]}" onto public java.lang.Object org.springframework.boot.actuate.endpoint.web.servlet.AbstractWebMvcEndpointHandlerMapping$OperationHandler.handle(javax.servlet.http.HttpServletRequest,java.util.Map<java.lang.String, java.lang.String>)
2018-06-11 14:05:46.805  INFO 5034 --- [    Test worker] s.b.a.e.w.s.WebMvcEndpointHandlerMapping : Mapped "{[/manage/loggers],methods=[GET],produces=[application/vnd.spring-boot.actuator.v2+json || application/json]}" onto public java.lang.Object org.springframework.boot.actuate.endpoint.web.servlet.AbstractWebMvcEndpointHandlerMapping$OperationHandler.handle(javax.servlet.http.HttpServletRequest,java.util.Map<java.lang.String, java.lang.String>)
2018-06-11 14:05:46.805  INFO 5034 --- [    Test worker] s.b.a.e.w.s.WebMvcEndpointHandlerMapping : Mapped "{[/manage/heapdump],methods=[GET],produces=[application/octet-stream]}" onto public java.lang.Object org.springframework.boot.actuate.endpoint.web.servlet.AbstractWebMvcEndpointHandlerMapping$OperationHandler.handle(javax.servlet.http.HttpServletRequest,java.util.Map<java.lang.String, java.lang.String>)
2018-06-11 14:05:46.806  INFO 5034 --- [    Test worker] s.b.a.e.w.s.WebMvcEndpointHandlerMapping : Mapped "{[/manage/threaddump],methods=[GET],produces=[application/vnd.spring-boot.actuator.v2+json || application/json]}" onto public java.lang.Object org.springframework.boot.actuate.endpoint.web.servlet.AbstractWebMvcEndpointHandlerMapping$OperationHandler.handle(javax.servlet.http.HttpServletRequest,java.util.Map<java.lang.String, java.lang.String>)
2018-06-11 14:05:46.807  INFO 5034 --- [    Test worker] s.b.a.e.w.s.WebMvcEndpointHandlerMapping : Mapped "{[/manage/metrics],methods=[GET],produces=[application/vnd.spring-boot.actuator.v2+json || application/json]}" onto public java.lang.Object org.springframework.boot.actuate.endpoint.web.servlet.AbstractWebMvcEndpointHandlerMapping$OperationHandler.handle(javax.servlet.http.HttpServletRequest,java.util.Map<java.lang.String, java.lang.String>)
2018-06-11 14:05:46.808  INFO 5034 --- [    Test worker] s.b.a.e.w.s.WebMvcEndpointHandlerMapping : Mapped "{[/manage/metrics/{requiredMetricName}],methods=[GET],produces=[application/vnd.spring-boot.actuator.v2+json || application/json]}" onto public java.lang.Object org.springframework.boot.actuate.endpoint.web.servlet.AbstractWebMvcEndpointHandlerMapping$OperationHandler.handle(javax.servlet.http.HttpServletRequest,java.util.Map<java.lang.String, java.lang.String>)
2018-06-11 14:05:46.809  INFO 5034 --- [    Test worker] s.b.a.e.w.s.WebMvcEndpointHandlerMapping : Mapped "{[/manage/scheduledtasks],methods=[GET],produces=[application/vnd.spring-boot.actuator.v2+json || application/json]}" onto public java.lang.Object org.springframework.boot.actuate.endpoint.web.servlet.AbstractWebMvcEndpointHandlerMapping$OperationHandler.handle(javax.servlet.http.HttpServletRequest,java.util.Map<java.lang.String, java.lang.String>)
2018-06-11 14:05:46.811  INFO 5034 --- [    Test worker] s.b.a.e.w.s.WebMvcEndpointHandlerMapping : Mapped "{[/manage/httptrace],methods=[GET],produces=[application/vnd.spring-boot.actuator.v2+json || application/json]}" onto public java.lang.Object org.springframework.boot.actuate.endpoint.web.servlet.AbstractWebMvcEndpointHandlerMapping$OperationHandler.handle(javax.servlet.http.HttpServletRequest,java.util.Map<java.lang.String, java.lang.String>)
2018-06-11 14:05:46.811  INFO 5034 --- [    Test worker] s.b.a.e.w.s.WebMvcEndpointHandlerMapping : Mapped "{[/manage/mappings],methods=[GET],produces=[application/vnd.spring-boot.actuator.v2+json || application/json]}" onto public java.lang.Object org.springframework.boot.actuate.endpoint.web.servlet.AbstractWebMvcEndpointHandlerMapping$OperationHandler.handle(javax.servlet.http.HttpServletRequest,java.util.Map<java.lang.String, java.lang.String>)
2018-06-11 14:05:46.812  INFO 5034 --- [    Test worker] s.b.a.e.w.s.WebMvcEndpointHandlerMapping : Mapped "{[/manage],methods=[GET],produces=[application/vnd.spring-boot.actuator.v2+json || application/json]}" onto protected java.util.Map<java.lang.String, java.util.Map<java.lang.String, org.springframework.boot.actuate.endpoint.web.Link>> org.springframework.boot.actuate.endpoint.web.servlet.WebMvcEndpointHandlerMapping.links(javax.servlet.http.HttpServletRequest,javax.servlet.http.HttpServletResponse)
2018-06-11 14:05:46.913  INFO 5034 --- [    Test worker] o.s.s.p.s.ProductionConfigurationTests   : Started ProductionConfigurationTests in 8.842 seconds (JVM running for 22.45)
]]></system-out>
  <system-err><![CDATA[]]></system-err>
</testsuite>
