<?xml version="1.0" encoding="UTF-8"?>
<testsuite name="org.springframework.samples.petclinic.owner.PetControllerTests" tests="6" skipped="0" failures="0" errors="0" timestamp="2018-06-11T18:05:37" hostname="mikegajda-VirtualBox" time="0.273">
  <properties/>
  <testcase name="testProcessCreationFormSuccess" classname="org.springframework.samples.petclinic.owner.PetControllerTests" time="0.026"/>
  <testcase name="testProcessUpdateFormSuccess" classname="org.springframework.samples.petclinic.owner.PetControllerTests" time="0.014"/>
  <testcase name="testInitUpdateForm" classname="org.springframework.samples.petclinic.owner.PetControllerTests" time="0.098"/>
  <testcase name="testInitCreationForm" classname="org.springframework.samples.petclinic.owner.PetControllerTests" time="0.041"/>
  <testcase name="testProcessCreationFormHasErrors" classname="org.springframework.samples.petclinic.owner.PetControllerTests" time="0.027"/>
  <testcase name="testProcessUpdateFormHasErrors" classname="org.springframework.samples.petclinic.owner.PetControllerTests" time="0.041"/>
  <system-out><![CDATA[2018-06-11 14:05:36.801  INFO 5034 --- [    Test worker] .b.t.a.w.s.WebMvcTestContextBootstrapper : Neither @ContextConfiguration nor @ContextHierarchy found for test class [org.springframework.samples.petclinic.owner.PetControllerTests], using SpringBootContextLoader
2018-06-11 14:05:36.802  INFO 5034 --- [    Test worker] o.s.t.c.support.AbstractContextLoader    : Could not detect default resource locations for test class [org.springframework.samples.petclinic.owner.PetControllerTests]: no resource found for suffixes {-context.xml, Context.groovy}.
2018-06-11 14:05:36.803  INFO 5034 --- [    Test worker] t.c.s.AnnotationConfigContextLoaderUtils : Could not detect default configuration classes for test class [org.springframework.samples.petclinic.owner.PetControllerTests]: PetControllerTests does not declare any static, non-private, non-final, nested classes annotated with @Configuration.
2018-06-11 14:05:36.813  INFO 5034 --- [    Test worker] .b.t.c.SpringBootTestContextBootstrapper : Found @SpringBootConfiguration org.springframework.samples.petclinic.PetClinicApplication for test class org.springframework.samples.petclinic.owner.PetControllerTests
2018-06-11 14:05:36.818  INFO 5034 --- [    Test worker] .b.t.a.w.s.WebMvcTestContextBootstrapper : Loaded default TestExecutionListener class names from location [META-INF/spring.factories]: [org.springframework.boot.test.mock.mockito.MockitoTestExecutionListener, org.springframework.boot.test.mock.mockito.ResetMocksTestExecutionListener, org.springframework.boot.test.autoconfigure.restdocs.RestDocsTestExecutionListener, org.springframework.boot.test.autoconfigure.web.client.MockRestServiceServerResetTestExecutionListener, org.springframework.boot.test.autoconfigure.web.servlet.MockMvcPrintOnlyOnFailureTestExecutionListener, org.springframework.boot.test.autoconfigure.web.servlet.WebDriverTestExecutionListener, org.springframework.test.context.web.ServletTestExecutionListener, org.springframework.test.context.support.DirtiesContextBeforeModesTestExecutionListener, org.springframework.test.context.support.DependencyInjectionTestExecutionListener, org.springframework.test.context.support.DirtiesContextTestExecutionListener, org.springframework.test.context.transaction.TransactionalTestExecutionListener, org.springframework.test.context.jdbc.SqlScriptsTestExecutionListener]
2018-06-11 14:05:36.820  INFO 5034 --- [    Test worker] .b.t.a.w.s.WebMvcTestContextBootstrapper : Using TestExecutionListeners: [org.springframework.test.context.web.ServletTestExecutionListener@5fbffd8f, org.springframework.test.context.support.DirtiesContextBeforeModesTestExecutionListener@19804413, org.springframework.boot.test.mock.mockito.MockitoTestExecutionListener@18c5e43a, org.springframework.boot.test.autoconfigure.SpringBootDependencyInjectionTestExecutionListener@6a4c0210, org.springframework.test.context.support.DirtiesContextTestExecutionListener@4abfc953, org.springframework.test.context.transaction.TransactionalTestExecutionListener@5104bccb, org.springframework.test.context.jdbc.SqlScriptsTestExecutionListener@66d766e5, org.springframework.boot.test.mock.mockito.ResetMocksTestExecutionListener@6c01b4ad, org.springframework.boot.test.autoconfigure.restdocs.RestDocsTestExecutionListener@58400d2f, org.springframework.boot.test.autoconfigure.web.client.MockRestServiceServerResetTestExecutionListener@2cd60008, org.springframework.boot.test.autoconfigure.web.servlet.MockMvcPrintOnlyOnFailureTestExecutionListener@71ebab39, org.springframework.boot.test.autoconfigure.web.servlet.WebDriverTestExecutionListener@10aecd75]


              |\      _,,,--,,_
             /,`.-'`'   ._  \-;;,_
  _______ __|,4-  ) )_   .;.(__`'-'__     ___ __    _ ___ _______
 |       | '---''(_/._)-'(_\_)   |   |   |   |  |  | |   |       |
 |    _  |    ___|_     _|       |   |   |   |   |_| |   |       | __ _ _
 |   |_| |   |___  |   | |       |   |   |   |       |   |       | \ \ \ \
 |    ___|    ___| |   | |      _|   |___|   |  _    |   |      _|  \ \ \ \
 |   |   |   |___  |   | |     |_|       |   | | |   |   |     |_    ) ) ) )
 |___|   |_______| |___| |_______|_______|___|_|  |__|___|_______|  / / / /
 ==================================================================/_/_/_/

:: Built with Spring Boot :: 2.0.2.RELEASE


2018-06-11 14:05:36.886  INFO 5034 --- [    Test worker] o.s.s.p.owner.PetControllerTests         : Starting PetControllerTests on mikegajda-VirtualBox with PID 5034 (started by mikegajda in /home/mikegajda/Documents/spring-examples/cucumber-test/petclinic_pipeline)
2018-06-11 14:05:36.887  INFO 5034 --- [    Test worker] o.s.s.p.owner.PetControllerTests         : The following profiles are active: production
2018-06-11 14:05:36.892  INFO 5034 --- [    Test worker] o.s.w.c.s.GenericWebApplicationContext   : Refreshing org.springframework.web.context.support.GenericWebApplicationContext@5ad48361: startup date [Mon Jun 11 14:05:36 EDT 2018]; root of context hierarchy
2018-06-11 14:05:37.268  INFO 5034 --- [    Test worker] o.s.w.s.handler.SimpleUrlHandlerMapping  : Mapped URL path [/**/favicon.ico] onto handler of type [class org.springframework.web.servlet.resource.ResourceHttpRequestHandler]
2018-06-11 14:05:37.424  INFO 5034 --- [    Test worker] s.w.s.m.m.a.RequestMappingHandlerAdapter : Looking for @ControllerAdvice: org.springframework.web.context.support.GenericWebApplicationContext@5ad48361: startup date [Mon Jun 11 14:05:36 EDT 2018]; root of context hierarchy
2018-06-11 14:05:37.447  INFO 5034 --- [    Test worker] s.w.s.m.m.a.RequestMappingHandlerMapping : Mapped "{[/owners/{ownerId}/pets/{petId}/edit],methods=[GET]}" onto public java.lang.String org.springframework.samples.petclinic.owner.PetController.initUpdateForm(int,org.springframework.ui.ModelMap)
2018-06-11 14:05:37.448  INFO 5034 --- [    Test worker] s.w.s.m.m.a.RequestMappingHandlerMapping : Mapped "{[/owners/{ownerId}/pets/{petId}/edit],methods=[POST]}" onto public java.lang.String org.springframework.samples.petclinic.owner.PetController.processUpdateForm(org.springframework.samples.petclinic.owner.Pet,org.springframework.validation.BindingResult,org.springframework.samples.petclinic.owner.Owner,org.springframework.ui.ModelMap)
2018-06-11 14:05:37.448  INFO 5034 --- [    Test worker] s.w.s.m.m.a.RequestMappingHandlerMapping : Mapped "{[/owners/{ownerId}/pets/new],methods=[POST]}" onto public java.lang.String org.springframework.samples.petclinic.owner.PetController.processCreationForm(org.springframework.samples.petclinic.owner.Owner,org.springframework.samples.petclinic.owner.Pet,org.springframework.validation.BindingResult,org.springframework.ui.ModelMap)
2018-06-11 14:05:37.452  INFO 5034 --- [    Test worker] s.w.s.m.m.a.RequestMappingHandlerMapping : Mapped "{[/owners/{ownerId}/pets/new],methods=[GET]}" onto public java.lang.String org.springframework.samples.petclinic.owner.PetController.initCreationForm(org.springframework.samples.petclinic.owner.Owner,org.springframework.ui.ModelMap)
2018-06-11 14:05:37.454  INFO 5034 --- [    Test worker] s.w.s.m.m.a.RequestMappingHandlerMapping : Mapped "{[/error],produces=[text/html]}" onto public org.springframework.web.servlet.ModelAndView org.springframework.boot.autoconfigure.web.servlet.error.BasicErrorController.errorHtml(javax.servlet.http.HttpServletRequest,javax.servlet.http.HttpServletResponse)
2018-06-11 14:05:37.456  INFO 5034 --- [    Test worker] s.w.s.m.m.a.RequestMappingHandlerMapping : Mapped "{[/error]}" onto public org.springframework.http.ResponseEntity<java.util.Map<java.lang.String, java.lang.Object>> org.springframework.boot.autoconfigure.web.servlet.error.BasicErrorController.error(javax.servlet.http.HttpServletRequest)
2018-06-11 14:05:37.487  INFO 5034 --- [    Test worker] o.s.w.s.handler.SimpleUrlHandlerMapping  : Mapped URL path [/webjars/**] onto handler of type [class org.springframework.web.servlet.resource.ResourceHttpRequestHandler]
2018-06-11 14:05:37.489  INFO 5034 --- [    Test worker] o.s.w.s.handler.SimpleUrlHandlerMapping  : Mapped URL path [/**] onto handler of type [class org.springframework.web.servlet.resource.ResourceHttpRequestHandler]
2018-06-11 14:05:37.674  INFO 5034 --- [    Test worker] o.s.b.t.m.w.SpringBootMockServletContext : Initializing Spring FrameworkServlet ''
2018-06-11 14:05:37.675  INFO 5034 --- [    Test worker] o.s.t.web.servlet.TestDispatcherServlet  : FrameworkServlet '': initialization started
2018-06-11 14:05:37.697  INFO 5034 --- [    Test worker] o.s.t.web.servlet.TestDispatcherServlet  : FrameworkServlet '': initialization completed in 19 ms
2018-06-11 14:05:37.727  INFO 5034 --- [    Test worker] o.s.s.p.owner.PetControllerTests         : Started PetControllerTests in 0.903 seconds (JVM running for 13.264)
]]></system-out>
  <system-err><![CDATA[]]></system-err>
</testsuite>
