<?xml version="1.0" encoding="UTF-8"?>
<testsuite name="org.springframework.samples.petclinic.system.CrashControllerTests" tests="1" skipped="1" failures="0" errors="0" timestamp="2018-06-11T18:05:47" hostname="mikegajda-VirtualBox" time="0.0">
  <properties/>
  <testcase name="testTriggerException" classname="org.springframework.samples.petclinic.system.CrashControllerTests" time="0.0">
    <skipped/>
  </testcase>
  <system-out><![CDATA[2018-06-11 14:05:47.141  INFO 5034 --- [    Test worker] .b.t.a.w.s.WebMvcTestContextBootstrapper : Neither @ContextConfiguration nor @ContextHierarchy found for test class [org.springframework.samples.petclinic.system.CrashControllerTests], using SpringBootContextLoader
2018-06-11 14:05:47.145  INFO 5034 --- [    Test worker] o.s.t.c.support.AbstractContextLoader    : Could not detect default resource locations for test class [org.springframework.samples.petclinic.system.CrashControllerTests]: no resource found for suffixes {-context.xml, Context.groovy}.
2018-06-11 14:05:47.145  INFO 5034 --- [    Test worker] t.c.s.AnnotationConfigContextLoaderUtils : Could not detect default configuration classes for test class [org.springframework.samples.petclinic.system.CrashControllerTests]: CrashControllerTests does not declare any static, non-private, non-final, nested classes annotated with @Configuration.
2018-06-11 14:05:47.165  INFO 5034 --- [    Test worker] .b.t.c.SpringBootTestContextBootstrapper : Found @SpringBootConfiguration org.springframework.samples.petclinic.PetClinicApplication for test class org.springframework.samples.petclinic.system.CrashControllerTests
2018-06-11 14:05:47.172  INFO 5034 --- [    Test worker] .b.t.a.w.s.WebMvcTestContextBootstrapper : Loaded default TestExecutionListener class names from location [META-INF/spring.factories]: [org.springframework.boot.test.mock.mockito.MockitoTestExecutionListener, org.springframework.boot.test.mock.mockito.ResetMocksTestExecutionListener, org.springframework.boot.test.autoconfigure.restdocs.RestDocsTestExecutionListener, org.springframework.boot.test.autoconfigure.web.client.MockRestServiceServerResetTestExecutionListener, org.springframework.boot.test.autoconfigure.web.servlet.MockMvcPrintOnlyOnFailureTestExecutionListener, org.springframework.boot.test.autoconfigure.web.servlet.WebDriverTestExecutionListener, org.springframework.test.context.web.ServletTestExecutionListener, org.springframework.test.context.support.DirtiesContextBeforeModesTestExecutionListener, org.springframework.test.context.support.DependencyInjectionTestExecutionListener, org.springframework.test.context.support.DirtiesContextTestExecutionListener, org.springframework.test.context.transaction.TransactionalTestExecutionListener, org.springframework.test.context.jdbc.SqlScriptsTestExecutionListener]
2018-06-11 14:05:47.173  INFO 5034 --- [    Test worker] .b.t.a.w.s.WebMvcTestContextBootstrapper : Using TestExecutionListeners: [org.springframework.test.context.web.ServletTestExecutionListener@75062bbd, org.springframework.test.context.support.DirtiesContextBeforeModesTestExecutionListener@7816acb8, org.springframework.boot.test.mock.mockito.MockitoTestExecutionListener@3001e2fa, org.springframework.boot.test.autoconfigure.SpringBootDependencyInjectionTestExecutionListener@2ea5a83, org.springframework.test.context.support.DirtiesContextTestExecutionListener@4675d2a0, org.springframework.test.context.transaction.TransactionalTestExecutionListener@b4bc5ba, org.springframework.test.context.jdbc.SqlScriptsTestExecutionListener@34e2e01b, org.springframework.boot.test.mock.mockito.ResetMocksTestExecutionListener@640c8a46, org.springframework.boot.test.autoconfigure.restdocs.RestDocsTestExecutionListener@c04b4b5, org.springframework.boot.test.autoconfigure.web.client.MockRestServiceServerResetTestExecutionListener@5937d69a, org.springframework.boot.test.autoconfigure.web.servlet.MockMvcPrintOnlyOnFailureTestExecutionListener@7a76179f, org.springframework.boot.test.autoconfigure.web.servlet.WebDriverTestExecutionListener@7a28fc2d]
]]></system-out>
  <system-err><![CDATA[]]></system-err>
</testsuite>
