<?xml version="1.0" encoding="UTF-8"?>
<testsuite name="org.springframework.samples.petclinic.owner.VisitControllerTests" tests="3" skipped="0" failures="0" errors="0" timestamp="2018-06-11T18:05:36" hostname="mikegajda-VirtualBox" time="0.194">
  <properties/>
  <testcase name="testProcessNewVisitFormHasErrors" classname="org.springframework.samples.petclinic.owner.VisitControllerTests" time="0.138"/>
  <testcase name="testProcessNewVisitFormSuccess" classname="org.springframework.samples.petclinic.owner.VisitControllerTests" time="0.012"/>
  <testcase name="testInitNewVisitForm" classname="org.springframework.samples.petclinic.owner.VisitControllerTests" time="0.039"/>
  <system-out><![CDATA[2018-06-11 14:05:35.452  INFO 5034 --- [    Test worker] .b.t.a.w.s.WebMvcTestContextBootstrapper : Neither @ContextConfiguration nor @ContextHierarchy found for test class [org.springframework.samples.petclinic.owner.VisitControllerTests], using SpringBootContextLoader
2018-06-11 14:05:35.455  INFO 5034 --- [    Test worker] o.s.t.c.support.AbstractContextLoader    : Could not detect default resource locations for test class [org.springframework.samples.petclinic.owner.VisitControllerTests]: no resource found for suffixes {-context.xml, Context.groovy}.
2018-06-11 14:05:35.456  INFO 5034 --- [    Test worker] t.c.s.AnnotationConfigContextLoaderUtils : Could not detect default configuration classes for test class [org.springframework.samples.petclinic.owner.VisitControllerTests]: VisitControllerTests does not declare any static, non-private, non-final, nested classes annotated with @Configuration.
2018-06-11 14:05:35.465  INFO 5034 --- [    Test worker] .b.t.c.SpringBootTestContextBootstrapper : Found @SpringBootConfiguration org.springframework.samples.petclinic.PetClinicApplication for test class org.springframework.samples.petclinic.owner.VisitControllerTests
2018-06-11 14:05:35.466  INFO 5034 --- [    Test worker] .b.t.a.w.s.WebMvcTestContextBootstrapper : Loaded default TestExecutionListener class names from location [META-INF/spring.factories]: [org.springframework.boot.test.mock.mockito.MockitoTestExecutionListener, org.springframework.boot.test.mock.mockito.ResetMocksTestExecutionListener, org.springframework.boot.test.autoconfigure.restdocs.RestDocsTestExecutionListener, org.springframework.boot.test.autoconfigure.web.client.MockRestServiceServerResetTestExecutionListener, org.springframework.boot.test.autoconfigure.web.servlet.MockMvcPrintOnlyOnFailureTestExecutionListener, org.springframework.boot.test.autoconfigure.web.servlet.WebDriverTestExecutionListener, org.springframework.test.context.web.ServletTestExecutionListener, org.springframework.test.context.support.DirtiesContextBeforeModesTestExecutionListener, org.springframework.test.context.support.DependencyInjectionTestExecutionListener, org.springframework.test.context.support.DirtiesContextTestExecutionListener, org.springframework.test.context.transaction.TransactionalTestExecutionListener, org.springframework.test.context.jdbc.SqlScriptsTestExecutionListener]
2018-06-11 14:05:35.470  INFO 5034 --- [    Test worker] .b.t.a.w.s.WebMvcTestContextBootstrapper : Using TestExecutionListeners: [org.springframework.test.context.web.ServletTestExecutionListener@321dbb4c, org.springframework.test.context.support.DirtiesContextBeforeModesTestExecutionListener@393c47cd, org.springframework.boot.test.mock.mockito.MockitoTestExecutionListener@1ae37c41, org.springframework.boot.test.autoconfigure.SpringBootDependencyInjectionTestExecutionListener@667108df, org.springframework.test.context.support.DirtiesContextTestExecutionListener@39e90886, org.springframework.test.context.transaction.TransactionalTestExecutionListener@62b03259, org.springframework.test.context.jdbc.SqlScriptsTestExecutionListener@63305b3a, org.springframework.boot.test.mock.mockito.ResetMocksTestExecutionListener@d699073, org.springframework.boot.test.autoconfigure.restdocs.RestDocsTestExecutionListener@7c350460, org.springframework.boot.test.autoconfigure.web.client.MockRestServiceServerResetTestExecutionListener@1f74c345, org.springframework.boot.test.autoconfigure.web.servlet.MockMvcPrintOnlyOnFailureTestExecutionListener@7e7cb21a, org.springframework.boot.test.autoconfigure.web.servlet.WebDriverTestExecutionListener@3fd75fae]


              |\      _,,,--,,_
             /,`.-'`'   ._  \-;;,_
  _______ __|,4-  ) )_   .;.(__`'-'__     ___ __    _ ___ _______
 |       | '---''(_/._)-'(_\_)   |   |   |   |  |  | |   |       |
 |    _  |    ___|_     _|       |   |   |   |   |_| |   |       | __ _ _
 |   |_| |   |___  |   | |       |   |   |   |       |   |       | \ \ \ \
 |    ___|    ___| |   | |      _|   |___|   |  _    |   |      _|  \ \ \ \
 |   |   |   |___  |   | |     |_|       |   | | |   |   |     |_    ) ) ) )
 |___|   |_______| |___| |_______|_______|___|_|  |__|___|_______|  / / / /
 ==================================================================/_/_/_/

:: Built with Spring Boot :: 2.0.2.RELEASE


2018-06-11 14:05:35.527  INFO 5034 --- [    Test worker] o.s.s.p.owner.VisitControllerTests       : Starting VisitControllerTests on mikegajda-VirtualBox with PID 5034 (started by mikegajda in /home/mikegajda/Documents/spring-examples/cucumber-test/petclinic_pipeline)
2018-06-11 14:05:35.528  INFO 5034 --- [    Test worker] o.s.s.p.owner.VisitControllerTests       : The following profiles are active: production
2018-06-11 14:05:35.534  INFO 5034 --- [    Test worker] o.s.w.c.s.GenericWebApplicationContext   : Refreshing org.springframework.web.context.support.GenericWebApplicationContext@7db72279: startup date [Mon Jun 11 14:05:35 EDT 2018]; root of context hierarchy
2018-06-11 14:05:36.054  INFO 5034 --- [    Test worker] o.s.w.s.handler.SimpleUrlHandlerMapping  : Mapped URL path [/**/favicon.ico] onto handler of type [class org.springframework.web.servlet.resource.ResourceHttpRequestHandler]
2018-06-11 14:05:36.237  INFO 5034 --- [    Test worker] s.w.s.m.m.a.RequestMappingHandlerAdapter : Looking for @ControllerAdvice: org.springframework.web.context.support.GenericWebApplicationContext@7db72279: startup date [Mon Jun 11 14:05:35 EDT 2018]; root of context hierarchy
2018-06-11 14:05:36.267  INFO 5034 --- [    Test worker] s.w.s.m.m.a.RequestMappingHandlerMapping : Mapped "{[/owners/{ownerId}/pets/{petId}/visits/new],methods=[POST]}" onto public java.lang.String org.springframework.samples.petclinic.owner.VisitController.processNewVisitForm(org.springframework.samples.petclinic.visit.Visit,org.springframework.validation.BindingResult)
2018-06-11 14:05:36.271  INFO 5034 --- [    Test worker] s.w.s.m.m.a.RequestMappingHandlerMapping : Mapped "{[/owners/*/pets/{petId}/visits/new],methods=[GET]}" onto public java.lang.String org.springframework.samples.petclinic.owner.VisitController.initNewVisitForm(int,java.util.Map<java.lang.String, java.lang.Object>)
2018-06-11 14:05:36.274  INFO 5034 --- [    Test worker] s.w.s.m.m.a.RequestMappingHandlerMapping : Mapped "{[/error],produces=[text/html]}" onto public org.springframework.web.servlet.ModelAndView org.springframework.boot.autoconfigure.web.servlet.error.BasicErrorController.errorHtml(javax.servlet.http.HttpServletRequest,javax.servlet.http.HttpServletResponse)
2018-06-11 14:05:36.277  INFO 5034 --- [    Test worker] s.w.s.m.m.a.RequestMappingHandlerMapping : Mapped "{[/error]}" onto public org.springframework.http.ResponseEntity<java.util.Map<java.lang.String, java.lang.Object>> org.springframework.boot.autoconfigure.web.servlet.error.BasicErrorController.error(javax.servlet.http.HttpServletRequest)
2018-06-11 14:05:36.314  INFO 5034 --- [    Test worker] o.s.w.s.handler.SimpleUrlHandlerMapping  : Mapped URL path [/webjars/**] onto handler of type [class org.springframework.web.servlet.resource.ResourceHttpRequestHandler]
2018-06-11 14:05:36.315  INFO 5034 --- [    Test worker] o.s.w.s.handler.SimpleUrlHandlerMapping  : Mapped URL path [/**] onto handler of type [class org.springframework.web.servlet.resource.ResourceHttpRequestHandler]
2018-06-11 14:05:36.537  INFO 5034 --- [    Test worker] o.s.b.t.m.w.SpringBootMockServletContext : Initializing Spring FrameworkServlet ''
2018-06-11 14:05:36.538  INFO 5034 --- [    Test worker] o.s.t.web.servlet.TestDispatcherServlet  : FrameworkServlet '': initialization started
2018-06-11 14:05:36.558  INFO 5034 --- [    Test worker] o.s.t.web.servlet.TestDispatcherServlet  : FrameworkServlet '': initialization completed in 20 ms
2018-06-11 14:05:36.591  INFO 5034 --- [    Test worker] o.s.s.p.owner.VisitControllerTests       : Started VisitControllerTests in 1.117 seconds (JVM running for 12.128)
]]></system-out>
  <system-err><![CDATA[]]></system-err>
</testsuite>
