<?xml version="1.0" encoding="UTF-8"?>
<testsuite name="org.springframework.samples.petclinic.owner.PetTypeFormatterTests" tests="3" skipped="0" failures="0" errors="0" timestamp="2018-06-11T18:05:38" hostname="mikegajda-VirtualBox" time="0.004">
  <properties/>
  <testcase name="shouldThrowParseException" classname="org.springframework.samples.petclinic.owner.PetTypeFormatterTests" time="0.002"/>
  <testcase name="testPrint" classname="org.springframework.samples.petclinic.owner.PetTypeFormatterTests" time="0.0"/>
  <testcase name="shouldParse" classname="org.springframework.samples.petclinic.owner.PetTypeFormatterTests" time="0.0"/>
  <system-out><![CDATA[]]></system-out>
  <system-err><![CDATA[]]></system-err>
</testsuite>
